# JRE version: OpenJDK Runtime Environment Temurin-17.0.7+7 (17.0.7+7) (build 17.0.7+7)
# Java VM: OpenJDK 64-Bit Server VM Temurin-17.0.7+7 (17.0.7+7, mixed mode, emulated-client, tiered, compressed oops, compressed class ptrs, g1 gc, windows-amd64)
GC Precious Log:
 CPUs: 8 total, 8 available
 Memory: 16304M
 Large Page Support: Disabled
 NUMA Support: Disabled
 Compressed Oops: Enabled (32-bit)
 Heap Region Size: 1M
 Heap Min Capacity: 8M
 Heap Initial Capacity: 256M
 Heap Max Capacity: 1G
 Pre-touch: Disabled
 Parallel Workers: 8
 Concurrent Workers: 2
 Concurrent Refinement Workers: 8
 Periodic GC: Disabled
Heap:
 garbage-first heap   total 126976K, used 37098K [0x00000000c0000000, 0x0000000100000000)
  region size 1024K, 1 young (1024K), 0 survivors (0K)
 Metaspace       used 64850K, committed 65664K, reserved 1114112K
  class space    used 9209K, committed 9536K, reserved 1048576K
GC Heap History (20 events):
Event: 415.898 GC heap before
{Heap before GC invocations=108 (full 30):
 garbage-first heap   total 126976K, used 37098K [0x00000000c0000000, 0x0000000100000000)
  region size 1024K, 1 young (1024K), 0 survivors (0K)
 Metaspace       used 64850K, committed 65664K, reserved 1114112K
  class space    used 9209K, committed 9536K, reserved 1048576K
}
Event: 415.943 GC heap after
{Heap after GC invocations=109 (full 31):
 garbage-first heap   total 126976K, used 37098K [0x00000000c0000000, 0x0000000100000000)
  region size 1024K, 0 young (0K), 0 survivors (0K)
 Metaspace       used 64850K, committed 65664K, reserved 1114112K
  class space    used 9209K, committed 9536K, reserved 1048576K
}
Event: 426.135 GC heap before
{Heap before GC invocations=109 (full 31):
 garbage-first heap   total 126976K, used 37098K [0x00000000c0000000, 0x0000000100000000)
  region size 1024K, 1 young (1024K), 0 survivors (0K)
 Metaspace       used 64850K, committed 65664K, reserved 1114112K
  class space    used 9209K, committed 9536K, reserved 1048576K
}
Event: 426.191 GC heap after
{Heap after GC invocations=110 (full 32):
 garbage-first heap   total 126976K, used 37098K [0x00000000c0000000, 0x0000000100000000)
  region size 1024K, 0 young (0K), 0 survivors (0K)
 Metaspace       used 64850K, committed 65664K, reserved 1114112K
  class space    used 9209K, committed 9536K, reserved 1048576K
}
Event: 436.430 GC heap before
{Heap before GC invocations=110 (full 32):
 garbage-first heap   total 126976K, used 37098K [0x00000000c0000000, 0x0000000100000000)
  region size 1024K, 1 young (1024K), 0 survivors (0K)
 Metaspace       used 64850K, committed 65664K, reserved 1114112K
  class space    used 9209K, committed 9536K, reserved 1048576K
}
Event: 436.493 GC heap after
{Heap after GC invocations=111 (full 33):
 garbage-first heap   total 126976K, used 37098K [0x00000000c0000000, 0x0000000100000000)
  region size 1024K, 0 young (0K), 0 survivors (0K)
 Metaspace       used 64850K, committed 65664K, reserved 1114112K
  class space    used 9209K, committed 9536K, reserved 1048576K
}
Event: 446.713 GC heap before
{Heap before GC invocations=111 (full 33):
 garbage-first heap   total 126976K, used 37098K [0x00000000c0000000, 0x0000000100000000)
  region size 1024K, 1 young (1024K), 0 survivors (0K)
 Metaspace       used 64850K, committed 65664K, reserved 1114112K
  class space    used 9209K, committed 9536K, reserved 1048576K
}
Event: 446.774 GC heap after
{Heap after GC invocations=112 (full 34):
 garbage-first heap   total 126976K, used 37098K [0x00000000c0000000, 0x0000000100000000)
  region size 1024K, 0 young (0K), 0 survivors (0K)
 Metaspace       used 64850K, committed 65664K, reserved 1114112K
  class space    used 9209K, committed 9536K, reserved 1048576K
}
Event: 456.968 GC heap before
{Heap before GC invocations=112 (full 34):
 garbage-first heap   total 126976K, used 37098K [0x00000000c0000000, 0x0000000100000000)
  region size 1024K, 1 young (1024K), 0 survivors (0K)
 Metaspace       used 64850K, committed 65664K, reserved 1114112K
  class space    used 9209K, committed 9536K, reserved 1048576K
}
Event: 457.019 GC heap after
{Heap after GC invocations=113 (full 35):
 garbage-first heap   total 126976K, used 37098K [0x00000000c0000000, 0x0000000100000000)
  region size 1024K, 0 young (0K), 0 survivors (0K)
 Metaspace       used 64850K, committed 65664K, reserved 1114112K
  class space    used 9209K, committed 9536K, reserved 1048576K
}
Event: 467.211 GC heap before
{Heap before GC invocations=113 (full 35):
 garbage-first heap   total 126976K, used 37098K [0x00000000c0000000, 0x0000000100000000)
  region size 1024K, 1 young (1024K), 0 survivors (0K)
 Metaspace       used 64850K, committed 65664K, reserved 1114112K
  class space    used 9209K, committed 9536K, reserved 1048576K
}
Event: 467.269 GC heap after
{Heap after GC invocations=114 (full 36):
 garbage-first heap   total 126976K, used 37098K [0x00000000c0000000, 0x0000000100000000)
  region size 1024K, 0 young (0K), 0 survivors (0K)
 Metaspace       used 64850K, committed 65664K, reserved 1114112K
  class space    used 9209K, committed 9536K, reserved 1048576K
}
Event: 477.469 GC heap before
{Heap before GC invocations=114 (full 36):
 garbage-first heap   total 126976K, used 37098K [0x00000000c0000000, 0x0000000100000000)
  region size 1024K, 1 young (1024K), 0 survivors (0K)
 Metaspace       used 64850K, committed 65664K, reserved 1114112K
  class space    used 9209K, committed 9536K, reserved 1048576K
}
Event: 477.522 GC heap after
{Heap after GC invocations=115 (full 37):
 garbage-first heap   total 126976K, used 37098K [0x00000000c0000000, 0x0000000100000000)
  region size 1024K, 0 young (0K), 0 survivors (0K)
 Metaspace       used 64850K, committed 65664K, reserved 1114112K
  class space    used 9209K, committed 9536K, reserved 1048576K
}
Event: 487.705 GC heap before
{Heap before GC invocations=115 (full 37):
 garbage-first heap   total 126976K, used 37098K [0x00000000c0000000, 0x0000000100000000)
  region size 1024K, 1 young (1024K), 0 survivors (0K)
 Metaspace       used 64850K, committed 65664K, reserved 1114112K
  class space    used 9209K, committed 9536K, reserved 1048576K
}
Event: 487.755 GC heap after
{Heap after GC invocations=116 (full 38):
 garbage-first heap   total 126976K, used 37098K [0x00000000c0000000, 0x0000000100000000)
  region size 1024K, 0 young (0K), 0 survivors (0K)
 Metaspace       used 64850K, committed 65664K, reserved 1114112K
  class space    used 9209K, committed 9536K, reserved 1048576K
}
Event: 497.978 GC heap before
{Heap before GC invocations=116 (full 38):
 garbage-first heap   total 126976K, used 37098K [0x00000000c0000000, 0x0000000100000000)
  region size 1024K, 1 young (1024K), 0 survivors (0K)
 Metaspace       used 64850K, committed 65664K, reserved 1114112K
  class space    used 9209K, committed 9536K, reserved 1048576K
}
Event: 498.028 GC heap after
{Heap after GC invocations=117 (full 39):
 garbage-first heap   total 126976K, used 37098K [0x00000000c0000000, 0x0000000100000000)
  region size 1024K, 0 young (0K), 0 survivors (0K)
 Metaspace       used 64850K, committed 65664K, reserved 1114112K
  class space    used 9209K, committed 9536K, reserved 1048576K
}
Event: 508.228 GC heap before
{Heap before GC invocations=117 (full 39):
 garbage-first heap   total 126976K, used 37098K [0x00000000c0000000, 0x0000000100000000)
  region size 1024K, 1 young (1024K), 0 survivors (0K)
 Metaspace       used 64850K, committed 65664K, reserved 1114112K
  class space    used 9209K, committed 9536K, reserved 1048576K
}
Event: 508.283 GC heap after
{Heap after GC invocations=118 (full 40):
 garbage-first heap   total 126976K, used 37098K [0x00000000c0000000, 0x0000000100000000)
  region size 1024K, 0 young (0K), 0 survivors (0K)
 Metaspace       used 64850K, committed 65664K, reserved 1114112K
  class space    used 9209K, committed 9536K, reserved 1048576K
}

